This is XeTeX, Version 3.14159265-2.6-0.999991 (TeX Live 2019) (preloaded format=xelatex 2020.2.11)  26 DEC 2021 16:53
entering extended mode
 restricted \write18 enabled.
 %&-line parsing enabled.
**bookdown-demo.tex
(./bookdown-demo.tex
LaTeX2e <2020-02-02> patch level 1
L3 programming layer <2020-02-08> (/home/son/.TinyTeX/texmf-dist/tex/latex/base
/book.cls
Document Class: book 2019/12/20 v1.4l Standard LaTeX document class
(/home/son/.TinyTeX/texmf-dist/tex/latex/base/bk10.clo
File: bk10.clo 2019/12/20 v1.4l Standard LaTeX file (size option)
)
\c@part=\count163
\c@chapter=\count164
\c@section=\count165
\c@subsection=\count166
\c@subsubsection=\count167
\c@paragraph=\count168
\c@subparagraph=\count169
\c@figure=\count170
\c@table=\count171
\abovecaptionskip=\skip47
\belowcaptionskip=\skip48
\bibindent=\dimen134
) (/home/son/.TinyTeX/texmf-dist/tex/latex/lm/lmodern.sty
Package: lmodern 2009/10/30 v1.6 Latin Modern Fonts
LaTeX Font Info:    Overwriting symbol font `operators' in version `normal'
(Font)                  OT1/cmr/m/n --> OT1/lmr/m/n on input line 22.
LaTeX Font Info:    Overwriting symbol font `letters' in version `normal'
(Font)                  OML/cmm/m/it --> OML/lmm/m/it on input line 23.
LaTeX Font Info:    Overwriting symbol font `symbols' in version `normal'
(Font)                  OMS/cmsy/m/n --> OMS/lmsy/m/n on input line 24.
LaTeX Font Info:    Overwriting symbol font `largesymbols' in version `normal'
(Font)                  OMX/cmex/m/n --> OMX/lmex/m/n on input line 25.
LaTeX Font Info:    Overwriting symbol font `operators' in version `bold'
(Font)                  OT1/cmr/bx/n --> OT1/lmr/bx/n on input line 26.
LaTeX Font Info:    Overwriting symbol font `letters' in version `bold'
(Font)                  OML/cmm/b/it --> OML/lmm/b/it on input line 27.
LaTeX Font Info:    Overwriting symbol font `symbols' in version `bold'
(Font)                  OMS/cmsy/b/n --> OMS/lmsy/b/n on input line 28.
LaTeX Font Info:    Overwriting symbol font `largesymbols' in version `bold'
(Font)                  OMX/cmex/m/n --> OMX/lmex/m/n on input line 29.
LaTeX Font Info:    Overwriting math alphabet `\mathbf' in version `normal'
(Font)                  OT1/cmr/bx/n --> OT1/lmr/bx/n on input line 31.
LaTeX Font Info:    Overwriting math alphabet `\mathsf' in version `normal'
(Font)                  OT1/cmss/m/n --> OT1/lmss/m/n on input line 32.
LaTeX Font Info:    Overwriting math alphabet `\mathit' in version `normal'
(Font)                  OT1/cmr/m/it --> OT1/lmr/m/it on input line 33.
LaTeX Font Info:    Overwriting math alphabet `\mathtt' in version `normal'
(Font)                  OT1/cmtt/m/n --> OT1/lmtt/m/n on input line 34.
LaTeX Font Info:    Overwriting math alphabet `\mathbf' in version `bold'
(Font)                  OT1/cmr/bx/n --> OT1/lmr/bx/n on input line 35.
LaTeX Font Info:    Overwriting math alphabet `\mathsf' in version `bold'
(Font)                  OT1/cmss/bx/n --> OT1/lmss/bx/n on input line 36.
LaTeX Font Info:    Overwriting math alphabet `\mathit' in version `bold'
(Font)                  OT1/cmr/bx/it --> OT1/lmr/bx/it on input line 37.
LaTeX Font Info:    Overwriting math alphabet `\mathtt' in version `bold'
(Font)                  OT1/cmtt/m/n --> OT1/lmtt/m/n on input line 38.
) (/home/son/.TinyTeX/texmf-dist/tex/latex/amsfonts/amssymb.sty
Package: amssymb 2013/01/14 v3.01 AMS font symbols
(/home/son/.TinyTeX/texmf-dist/tex/latex/amsfonts/amsfonts.sty
Package: amsfonts 2013/01/14 v3.01 Basic AMSFonts support
\@emptytoks=\toks14
\symAMSa=\mathgroup4
\symAMSb=\mathgroup5
LaTeX Font Info:    Redeclaring math symbol \hbar on input line 98.
LaTeX Font Info:    Overwriting math alphabet `\mathfrak' in version `bold'
(Font)                  U/euf/m/n --> U/euf/b/n on input line 106.
)) (/home/son/.TinyTeX/texmf-dist/tex/latex/amsmath/amsmath.sty
Package: amsmath 2020/01/20 v2.17e AMS math features
\@mathmargin=\skip49
For additional information on amsmath, use the `?' option.
(/home/son/.TinyTeX/texmf-dist/tex/latex/amsmath/amstext.sty
Package: amstext 2000/06/29 v2.01 AMS text
(/home/son/.TinyTeX/texmf-dist/tex/latex/amsmath/amsgen.sty
File: amsgen.sty 1999/11/30 v2.0 generic functions
\@emptytoks=\toks15
\ex@=\dimen135
)) (/home/son/.TinyTeX/texmf-dist/tex/latex/amsmath/amsbsy.sty
Package: amsbsy 1999/11/29 v1.2d Bold Symbols
\pmbraise@=\dimen136
) (/home/son/.TinyTeX/texmf-dist/tex/latex/amsmath/amsopn.sty
Package: amsopn 2016/03/08 v2.02 operator names
)
\inf@bad=\count172
LaTeX Info: Redefining \frac on input line 227.
\uproot@=\count173
\leftroot@=\count174
LaTeX Info: Redefining \overline on input line 389.
\classnum@=\count175
\DOTSCASE@=\count176
LaTeX Info: Redefining \ldots on input line 486.
LaTeX Info: Redefining \dots on input line 489.
LaTeX Info: Redefining \cdots on input line 610.
\Mathstrutbox@=\box45
\strutbox@=\box46
\big@size=\dimen137
LaTeX Font Info:    Redeclaring font encoding OML on input line 733.
LaTeX Font Info:    Redeclaring font encoding OMS on input line 734.
\macc@depth=\count177
\c@MaxMatrixCols=\count178
\dotsspace@=\muskip16
\c@parentequation=\count179
\dspbrk@lvl=\count180
\tag@help=\toks16
\row@=\count181
\column@=\count182
\maxfields@=\count183
\andhelp@=\toks17
\eqnshift@=\dimen138
\alignsep@=\dimen139
\tagshift@=\dimen140
\tagwidth@=\dimen141
\totwidth@=\dimen142
\lineht@=\dimen143
\@envbody=\toks18
\multlinegap=\skip50
\multlinetaggap=\skip51
\mathdisplay@stack=\toks19
LaTeX Info: Redefining \[ on input line 2859.
LaTeX Info: Redefining \] on input line 2860.
) (/home/son/.TinyTeX/texmf-dist/tex/generic/iftex/ifxetex.sty
Package: ifxetex 2019/10/25 v0.7 ifxetex legacy package. Use iftex instead.
(/home/son/.TinyTeX/texmf-dist/tex/generic/iftex/iftex.sty
Package: iftex 2019/11/07 v1.0c TeX engine tests
)) (/home/son/.TinyTeX/texmf-dist/tex/generic/iftex/ifluatex.sty
Package: ifluatex 2019/10/25 v1.5 ifluatex legacy package. Use iftex instead.
) (/home/son/.TinyTeX/texmf-dist/tex/latex/base/fixltx2e.sty
Package: fixltx2e 2016/12/29 v2.1a fixes to LaTeX (obsolete)
Applying: [2015/01/01] Old fixltx2e package on input line 46.

Package fixltx2e Warning: fixltx2e is not required with releases after 2015
(fixltx2e)                All fixes are now in the LaTeX kernel.
(fixltx2e)                See the latexrelease package for details.

Already applied: [0000/00/00] Old fixltx2e package on input line 53.
) (/home/son/.TinyTeX/texmf-dist/tex/xelatex/mathspec/mathspec.sty
Package: mathspec 2016/12/22 v0.2b LaTeX Package (Mathematics font selection fo
r XeLaTeX)
(/home/son/.TinyTeX/texmf-dist/tex/latex/etoolbox/etoolbox.sty
Package: etoolbox 2019/09/21 v2.5h e-TeX tools for LaTeX (JAW)
\etb@tempcnta=\count184
) (/home/son/.TinyTeX/texmf-dist/tex/latex/fontspec/fontspec.sty (/home/son/.Ti
nyTeX/texmf-dist/tex/latex/l3packages/xparse/xparse.sty (/home/son/.TinyTeX/tex
mf-dist/tex/latex/l3kernel/expl3.sty
Package: expl3 2020-02-08 L3 programming layer (loader) 
(/home/son/.TinyTeX/texmf-dist/tex/latex/l3backend/l3backend-xdvipdfmx.def
File: l3backend-xdvipdfmx.def 2020-02-03 L3 backend support: xdvipdfmx
\g__graphics_track_int=\count185
\l__pdf_internal_box=\box47
\g__pdf_backend_object_int=\count186
\g__pdf_backend_annotation_int=\count187
))
Package: xparse 2020-02-08 L3 Experimental document command parser
\l__xparse_current_arg_int=\count188
\g__xparse_grabber_int=\count189
\l__xparse_m_args_int=\count190
\l__xparse_v_nesting_int=\count191
)
Package: fontspec 2020/02/03 v2.7h Font selection for XeLaTeX and LuaLaTeX
(/home/son/.TinyTeX/texmf-dist/tex/latex/fontspec/fontspec-xetex.sty
Package: fontspec-xetex 2020/02/03 v2.7h Font selection for XeLaTeX and LuaLaTe
X
\l__fontspec_script_int=\count192
\l__fontspec_language_int=\count193
\l__fontspec_strnum_int=\count194
\l__fontspec_tmp_int=\count195
\l__fontspec_tmpa_int=\count196
\l__fontspec_tmpb_int=\count197
\l__fontspec_tmpc_int=\count198
\l__fontspec_em_int=\count199
\l__fontspec_emdef_int=\count266
\l__fontspec_strong_int=\count267
\l__fontspec_strongdef_int=\count268
\l__fontspec_tmpa_dim=\dimen144
\l__fontspec_tmpb_dim=\dimen145
\l__fontspec_tmpc_dim=\dimen146
(/home/son/.TinyTeX/texmf-dist/tex/latex/base/fontenc.sty
Package: fontenc 2020/01/25 v2.0m Standard LaTeX package
) (/home/son/.TinyTeX/texmf-dist/tex/latex/fontspec/fontspec.cfg))) (/home/son/
.TinyTeX/texmf-dist/tex/latex/xkeyval/xkeyval.sty
Package: xkeyval 2014/12/03 v2.7a package option processing (HA)
(/home/son/.TinyTeX/texmf-dist/tex/generic/xkeyval/xkeyval.tex (/home/son/.Tiny
TeX/texmf-dist/tex/generic/xkeyval/xkvutils.tex
\XKV@toks=\toks20
\XKV@tempa@toks=\toks21
(/home/son/.TinyTeX/texmf-dist/tex/generic/xkeyval/keyval.tex))
\XKV@depth=\count269
File: xkeyval.tex 2014/12/03 v2.7a key=value parser (HA)
))
\c@eu@=\count270
\c@eu@i=\count271
\c@mkern=\count272
) (/home/son/.TinyTeX/texmf-dist/tex/latex/upquote/upquote.sty
Package: upquote 2012/04/19 v1.3 upright-quote and grave-accent glyphs in verba
tim
(/home/son/.TinyTeX/texmf-dist/tex/latex/base/textcomp.sty
Package: textcomp 2020/02/02 v2.0n Standard LaTeX package
)) (/home/son/.TinyTeX/texmf-dist/tex/latex/hyperref/hyperref.sty
Package: hyperref 2020/01/14 v7.00d Hypertext links for LaTeX
(/home/son/.TinyTeX/texmf-dist/tex/generic/ltxcmds/ltxcmds.sty
Package: ltxcmds 2019/12/15 v1.24 LaTeX kernel commands for general use (HO)
) (/home/son/.TinyTeX/texmf-dist/tex/latex/pdftexcmds/pdftexcmds.sty
Package: pdftexcmds 2019/11/24 v0.31 Utility functions of pdfTeX for LuaTeX (HO
)
(/home/son/.TinyTeX/texmf-dist/tex/generic/infwarerr/infwarerr.sty
Package: infwarerr 2019/12/03 v1.5 Providing info/warning/error messages (HO)
)
Package pdftexcmds Info: \pdf@primitive is available.
Package pdftexcmds Info: \pdf@ifprimitive is available.
Package pdftexcmds Info: \pdfdraftmode not found.
) (/home/son/.TinyTeX/texmf-dist/tex/generic/kvsetkeys/kvsetkeys.sty
Package: kvsetkeys 2019/12/15 v1.18 Key value parser (HO)
) (/home/son/.TinyTeX/texmf-dist/tex/generic/kvdefinekeys/kvdefinekeys.sty
Package: kvdefinekeys 2019-12-19 v1.6 Define keys (HO)
) (/home/son/.TinyTeX/texmf-dist/tex/generic/pdfescape/pdfescape.sty
Package: pdfescape 2019/12/09 v1.15 Implements pdfTeX's escape features (HO)
) (/home/son/.TinyTeX/texmf-dist/tex/latex/hycolor/hycolor.sty
Package: hycolor 2020-01-27 v1.10 Color options for hyperref/bookmark (HO)
) (/home/son/.TinyTeX/texmf-dist/tex/latex/letltxmacro/letltxmacro.sty
Package: letltxmacro 2019/12/03 v1.6 Let assignment for LaTeX macros (HO)
) (/home/son/.TinyTeX/texmf-dist/tex/latex/auxhook/auxhook.sty
Package: auxhook 2019-12-17 v1.6 Hooks for auxiliary files (HO)
) (/home/son/.TinyTeX/texmf-dist/tex/latex/kvoptions/kvoptions.sty
Package: kvoptions 2019/11/29 v3.13 Key value format for package options (HO)
)
\@linkdim=\dimen147
\Hy@linkcounter=\count273
\Hy@pagecounter=\count274
(/home/son/.TinyTeX/texmf-dist/tex/latex/hyperref/pd1enc.def
File: pd1enc.def 2020/01/14 v7.00d Hyperref: PDFDocEncoding definition (HO)
) (/home/son/.TinyTeX/texmf-dist/tex/generic/intcalc/intcalc.sty
Package: intcalc 2019/12/15 v1.3 Expandable calculations with integers (HO)
) (/home/son/.TinyTeX/texmf-dist/tex/generic/etexcmds/etexcmds.sty
Package: etexcmds 2019/12/15 v1.7 Avoid name clashes with e-TeX commands (HO)
)
\Hy@SavedSpaceFactor=\count275
Package hyperref Info: Option `unicode' set `true' on input line 4421.
(/home/son/.TinyTeX/texmf-dist/tex/latex/hyperref/puenc.def
File: puenc.def 2020/01/14 v7.00d Hyperref: PDF Unicode definition (HO)
)
Package hyperref Info: Hyper figures OFF on input line 4547.
Package hyperref Info: Link nesting OFF on input line 4552.
Package hyperref Info: Hyper index ON on input line 4555.
Package hyperref Info: Plain pages OFF on input line 4562.
Package hyperref Info: Backreferencing OFF on input line 4567.
Package hyperref Info: Implicit mode ON; LaTeX internals redefined.
Package hyperref Info: Bookmarks ON on input line 4800.
\c@Hy@tempcnt=\count276
(/home/son/.TinyTeX/texmf-dist/tex/latex/url/url.sty
\Urlmuskip=\muskip17
Package: url 2013/09/16  ver 3.4  Verb mode for urls, etc.
)
LaTeX Info: Redefining \url on input line 5159.
\XeTeXLinkMargin=\dimen148
(/home/son/.TinyTeX/texmf-dist/tex/generic/bitset/bitset.sty
Package: bitset 2019/12/09 v1.3 Handle bit-vector datatype (HO)
(/home/son/.TinyTeX/texmf-dist/tex/generic/bigintcalc/bigintcalc.sty
Package: bigintcalc 2019/12/15 v1.5 Expandable calculations on big integers (HO
)
))
\Fld@menulength=\count277
\Field@Width=\dimen149
\Fld@charsize=\dimen150
Package hyperref Info: Hyper figures OFF on input line 6430.
Package hyperref Info: Link nesting OFF on input line 6435.
Package hyperref Info: Hyper index ON on input line 6438.
Package hyperref Info: backreferencing OFF on input line 6445.
Package hyperref Info: Link coloring OFF on input line 6450.
Package hyperref Info: Link coloring with OCG OFF on input line 6455.
Package hyperref Info: PDF/A mode OFF on input line 6460.
LaTeX Info: Redefining \ref on input line 6500.
LaTeX Info: Redefining \pageref on input line 6504.
(/home/son/.TinyTeX/texmf-dist/tex/generic/atbegshi/atbegshi.sty
Package: atbegshi 2019/12/05 v1.19 At begin shipout hook (HO)
)
\Hy@abspage=\count278
\c@Item=\count279
\c@Hfootnote=\count280
)
Package hyperref Info: Driver (autodetected): hxetex.
(/home/son/.TinyTeX/texmf-dist/tex/latex/hyperref/hxetex.def
File: hxetex.def 2020/01/14 v7.00d Hyperref driver for XeTeX
(/home/son/.TinyTeX/texmf-dist/tex/generic/stringenc/stringenc.sty
Package: stringenc 2019/11/29 v1.12 Convert strings between diff. encodings (HO
)
)
\pdfm@box=\box48
\c@Hy@AnnotLevel=\count281
\HyField@AnnotCount=\count282
\Fld@listcount=\count283
\c@bookmark@seq@number=\count284
(/home/son/.TinyTeX/texmf-dist/tex/latex/rerunfilecheck/rerunfilecheck.sty
Package: rerunfilecheck 2019/12/05 v1.9 Rerun checks for auxiliary files (HO)
(/home/son/.TinyTeX/texmf-dist/tex/latex/atveryend/atveryend.sty
Package: atveryend 2019-12-11 v1.11 Hooks at the very end of document (HO)
) (/home/son/.TinyTeX/texmf-dist/tex/generic/uniquecounter/uniquecounter.sty
Package: uniquecounter 2019/12/15 v1.4 Provide unlimited unique counter (HO)
)
Package uniquecounter Info: New unique counter `rerunfilecheck' on input line 2
86.
)
\Hy@SectionHShift=\skip52
)
Package hyperref Info: Option `breaklinks' set `true' on input line 30.
(/home/son/.TinyTeX/texmf-dist/tex/latex/natbib/natbib.sty
Package: natbib 2010/09/13 8.31b (PWD, AO)
\bibhang=\skip53
\bibsep=\skip54
LaTeX Info: Redefining \cite on input line 694.
\c@NAT@ctr=\count285
) (/home/son/.TinyTeX/texmf-dist/tex/latex/graphics/color.sty
Package: color 2019/11/23 v1.2a Standard LaTeX Color (DPC)
(/home/son/.TinyTeX/texmf-dist/tex/latex/graphics-cfg/color.cfg
File: color.cfg 2016/01/02 v1.6 sample color configuration
)
Package color Info: Driver file: xetex.def on input line 147.
(/home/son/.TinyTeX/texmf-dist/tex/latex/graphics-def/xetex.def
File: xetex.def 2017/06/24 v5.0h Graphics/color driver for xetex
)) (/home/son/.TinyTeX/texmf-dist/tex/latex/fancyvrb/fancyvrb.sty
Package: fancyvrb 2020/01/13 v3.5 verbatim text (tvz,hv)
\FV@CodeLineNo=\count286
\FV@InFile=\read2
\FV@TabBox=\box49
\c@FancyVerbLine=\count287
\FV@StepNumber=\count288
\FV@OutFile=\write3
) (/home/son/.TinyTeX/texmf-dist/tex/latex/framed/framed.sty
Package: framed 2011/10/22 v 0.96: framed or shaded text with page breaks
\OuterFrameSep=\skip55
\fb@frw=\dimen151
\fb@frh=\dimen152
\FrameRule=\dimen153
\FrameSep=\dimen154
) (/home/son/.TinyTeX/texmf-dist/tex/latex/tools/longtable.sty
Package: longtable 2020/01/07 v4.13 Multi-page Table package (DPC)
\LTleft=\skip56
\LTright=\skip57
\LTpre=\skip58
\LTpost=\skip59
\LTchunksize=\count289
\LTcapwidth=\dimen155
\LT@head=\box50
\LT@firsthead=\box51
\LT@foot=\box52
\LT@lastfoot=\box53
\LT@cols=\count290
\LT@rows=\count291
\c@LT@tables=\count292
\c@LT@chunks=\count293
\LT@p@ftn=\toks22
) (/home/son/.TinyTeX/texmf-dist/tex/latex/booktabs/booktabs.sty
Package: booktabs 2020/01/12 v1.61803398 Publication quality tables
\heavyrulewidth=\dimen156
\lightrulewidth=\dimen157
\cmidrulewidth=\dimen158
\belowrulesep=\dimen159
\belowbottomsep=\dimen160
\aboverulesep=\dimen161
\abovetopsep=\dimen162
\cmidrulesep=\dimen163
\cmidrulekern=\dimen164
\defaultaddspace=\dimen165
\@cmidla=\count294
\@cmidlb=\count295
\@aboverulesep=\dimen166
\@belowrulesep=\dimen167
\@thisruleclass=\count296
\@lastruleclass=\count297
\@thisrulewidth=\dimen168
) (/home/son/.TinyTeX/texmf-dist/tex/latex/graphics/graphicx.sty
Package: graphicx 2019/11/30 v1.2a Enhanced LaTeX Graphics (DPC,SPQR)
(/home/son/.TinyTeX/texmf-dist/tex/latex/graphics/graphics.sty
Package: graphics 2019/11/30 v1.4a Standard LaTeX Graphics (DPC,SPQR)
(/home/son/.TinyTeX/texmf-dist/tex/latex/graphics/trig.sty
Package: trig 2016/01/03 v1.10 sin cos tan (DPC)
) (/home/son/.TinyTeX/texmf-dist/tex/latex/graphics-cfg/graphics.cfg
File: graphics.cfg 2016/06/04 v1.11 sample graphics configuration
)
Package graphics Info: Driver file: xetex.def on input line 105.
)
\Gin@req@height=\dimen169
\Gin@req@width=\dimen170
) (/home/son/.TinyTeX/texmf-dist/tex/latex/grffile/grffile.sty
Package: grffile 2019/11/11 v2.1 Extended file name support for graphics (legac
y)
Package grffile Info: This package is an empty stub for compatibility on input 
line 40.
) (/home/son/.TinyTeX/texmf-dist/tex/latex/amscls/amsthm.sty
Package: amsthm 2017/10/31 v2.20.4
\thm@style=\toks23
\thm@bodyfont=\toks24
\thm@headfont=\toks25
\thm@notefont=\toks26
\thm@headpunct=\toks27
\thm@preskip=\skip60
\thm@postskip=\skip61
\thm@headsep=\skip62
\dth@everypar=\toks28
) (./bookdown-demo.aux)
\openout1 = `bookdown-demo.aux'.

LaTeX Font Info:    Checking defaults for OML/cmm/m/it on input line 124.
LaTeX Font Info:    ... okay on input line 124.
LaTeX Font Info:    Checking defaults for OMS/cmsy/m/n on input line 124.
LaTeX Font Info:    ... okay on input line 124.
LaTeX Font Info:    Checking defaults for OT1/cmr/m/n on input line 124.
LaTeX Font Info:    ... okay on input line 124.
LaTeX Font Info:    Checking defaults for T1/cmr/m/n on input line 124.
LaTeX Font Info:    ... okay on input line 124.
LaTeX Font Info:    Checking defaults for TS1/cmr/m/n on input line 124.
LaTeX Font Info:    Trying to load font information for TS1+cmr on input line 1
24.
(/home/son/.TinyTeX/texmf-dist/tex/latex/base/ts1cmr.fd
File: ts1cmr.fd 2019/12/16 v2.5j Standard LaTeX font definitions
)
LaTeX Font Info:    ... okay on input line 124.
LaTeX Font Info:    Checking defaults for TU/lmr/m/n on input line 124.
LaTeX Font Info:    ... okay on input line 124.
LaTeX Font Info:    Checking defaults for OMX/cmex/m/n on input line 124.
LaTeX Font Info:    ... okay on input line 124.
LaTeX Font Info:    Checking defaults for U/cmr/m/n on input line 124.
LaTeX Font Info:    ... okay on input line 124.
LaTeX Font Info:    Checking defaults for PD1/pdf/m/n on input line 124.
LaTeX Font Info:    ... okay on input line 124.
LaTeX Font Info:    Checking defaults for PU/pdf/m/n on input line 124.
LaTeX Font Info:    ... okay on input line 124.
\AtBeginShipoutBox=\box54
Package hyperref Info: Link coloring OFF on input line 124.
(/home/son/.TinyTeX/texmf-dist/tex/latex/hyperref/nameref.sty
Package: nameref 2019/09/16 v2.46 Cross-referencing by name of section
(/home/son/.TinyTeX/texmf-dist/tex/latex/refcount/refcount.sty
Package: refcount 2019/12/15 v3.6 Data extraction from label references (HO)
) (/home/son/.TinyTeX/texmf-dist/tex/generic/gettitlestring/gettitlestring.sty
Package: gettitlestring 2019/12/15 v1.6 Cleanup title references (HO)
)
\c@section@level=\count298
)
LaTeX Info: Redefining \ref on input line 124.
LaTeX Info: Redefining \pageref on input line 124.
LaTeX Info: Redefining \nameref on input line 124.
(./bookdown-demo.out) (./bookdown-demo.out)
\@outlinefile=\write4
\openout4 = `bookdown-demo.out'.

LaTeX Font Info:    Trying to load font information for OT1+lmr on input line 1
26.
(/home/son/.TinyTeX/texmf-dist/tex/latex/lm/ot1lmr.fd
File: ot1lmr.fd 2009/10/30 v1.6 Font defs for Latin Modern
)
LaTeX Font Info:    Trying to load font information for OML+lmm on input line 1
26.
(/home/son/.TinyTeX/texmf-dist/tex/latex/lm/omllmm.fd
File: omllmm.fd 2009/10/30 v1.6 Font defs for Latin Modern
)
LaTeX Font Info:    Trying to load font information for OMS+lmsy on input line 
126.
(/home/son/.TinyTeX/texmf-dist/tex/latex/lm/omslmsy.fd
File: omslmsy.fd 2009/10/30 v1.6 Font defs for Latin Modern
)
LaTeX Font Info:    Trying to load font information for OMX+lmex on input line 
126.
(/home/son/.TinyTeX/texmf-dist/tex/latex/lm/omxlmex.fd
File: omxlmex.fd 2009/10/30 v1.6 Font defs for Latin Modern
)
LaTeX Font Info:    External font `lmex10' loaded for size
(Font)              <12> on input line 126.
LaTeX Font Info:    External font `lmex10' loaded for size
(Font)              <8> on input line 126.
LaTeX Font Info:    External font `lmex10' loaded for size
(Font)              <6> on input line 126.
LaTeX Font Info:    Trying to load font information for U+msa on input line 126
.
(/home/son/.TinyTeX/texmf-dist/tex/latex/amsfonts/umsa.fd
File: umsa.fd 2013/01/14 v3.01 AMS symbols A
)
LaTeX Font Info:    Trying to load font information for U+msb on input line 126
.
(/home/son/.TinyTeX/texmf-dist/tex/latex/amsfonts/umsb.fd
File: umsb.fd 2013/01/14 v3.01 AMS symbols B
) [1


] [2

] (./bookdown-demo.toc
LaTeX Font Info:    External font `lmex10' loaded for size
(Font)              <10> on input line 5.
LaTeX Font Info:    External font `lmex10' loaded for size
(Font)              <7> on input line 5.
LaTeX Font Info:    External font `lmex10' loaded for size
(Font)              <5> on input line 5.
Missing character: There is no 查 in font [lmroman10-regular]:mapping=tex-text;!
Missing character: There is no 看 in font [lmroman10-regular]:mapping=tex-text;!
Missing character: There is no 目 in font [lmroman10-regular]:mapping=tex-text;!
Missing character: There is no 前 in font [lmroman10-regular]:mapping=tex-text;!
Missing character: There is no 狀 in font [lmroman10-regular]:mapping=tex-text;!
Missing character: There is no 態 in font [lmroman10-regular]:mapping=tex-text;!
)
\tf@toc=\write5
\openout5 = `bookdown-demo.toc'.

[3] [4

]
Chapter 1.
LaTeX Font Info:    Font shape `TU/lmtt/bx/n' in size <10> not available
(Font)              Font shape `TU/lmtt/b/n' tried instead on input line 143.
[5] [6

]
Chapter 2.

LaTeX Warning: Reference `methods' on page 7 undefined on input line 163.

File: bookdown-demo_files/figure-latex/nice-fig-1.pdf Graphic file (type pdf)
<use bookdown-demo_files/figure-latex/nice-fig-1.pdf>
[7] [8]
Chapter 3.
[9

] [10

]
Chapter 4.
Missing character: There is no 在 in font [lmroman10-regular]:mapping=tex-text;!
Missing character: There is no 資 in font [lmroman10-regular]:mapping=tex-text;!
Missing character: There is no 料 in font [lmroman10-regular]:mapping=tex-text;!
Missing character: There is no 夾 in font [lmroman10-regular]:mapping=tex-text;!
Missing character: There is no 下 in font [lmroman10-regular]:mapping=tex-text;!
Missing character: There is no 存 in font [lmroman10-regular]:mapping=tex-text;!
Missing character: There is no 放 in font [lmroman10-regular]:mapping=tex-text;!
Missing character: There is no 我 in font [lmroman10-regular]:mapping=tex-text;!
Missing character: There is no 的 in font [lmroman10-regular]:mapping=tex-text;!
Missing character: There is no 每 in font [lmroman10-regular]:mapping=tex-text;!
Missing character: There is no 個 in font [lmroman10-regular]:mapping=tex-text;!
Missing character: There is no 就 in font [lmroman10-regular]:mapping=tex-text;!
Missing character: There is no 包 in font [lmroman10-regular]:mapping=tex-text;!
Missing character: There is no 含 in font [lmroman10-regular]:mapping=tex-text;!
Missing character: There is no 個 in font [lmroman10-regular]:mapping=tex-text;!
Missing character: There is no 建 in font [lmroman10-regular]:mapping=tex-text;!
Missing character: There is no 一 in font [lmroman10-regular]:mapping=tex-text;!
Missing character: There is no 個 in font [lmroman10-regular]:mapping=tex-text;!
Missing character: There is no 資 in font [lmroman10-regular]:mapping=tex-text;!
Missing character: There is no 料 in font [lmroman10-regular]:mapping=tex-text;!
Missing character: There is no 夾 in font [lmroman10-regular]:mapping=tex-text;!
Missing character: There is no 就 in font [lmroman10-regular]:mapping=tex-text;!
Missing character: There is no 是 in font [lmroman10-regular]:mapping=tex-text;!
Missing character: There is no 初 in font [lmroman10-regular]:mapping=tex-text;!
Missing character: There is no 始 in font [lmroman10-regular]:mapping=tex-text;!
Missing character: There is no 化 in font [lmroman10-regular]:mapping=tex-text;!
Missing character: There is no 這 in font [lmroman10-regular]:mapping=tex-text;!
Missing character: There is no 個 in font [lmroman10-regular]:mapping=tex-text;!
Missing character: There is no 資 in font [lmroman10-regular]:mapping=tex-text;!
Missing character: There is no 料 in font [lmroman10-regular]:mapping=tex-text;!
Missing character: There is no 夾 in font [lmroman10-regular]:mapping=tex-text;!
Missing character: There is no 重 in font [lmmono10-regular]:!
Missing character: There is no 新 in font [lmmono10-regular]:!
Missing character: There is no 初 in font [lmmono10-regular]:!
Missing character: There is no 始 in font [lmmono10-regular]:!
Missing character: There is no 化 in font [lmmono10-regular]:!
Missing character: There is no 已 in font [lmmono10-regular]:!
Missing character: There is no 存 in font [lmmono10-regular]:!
Missing character: There is no 在 in font [lmmono10-regular]:!
Missing character: There is no 的 in font [lmmono10-regular]:!
Missing character: There is no 版 in font [lmmono10-regular]:!
Missing character: There is no 本 in font [lmmono10-regular]:!
Missing character: There is no 庫 in font [lmmono10-regular]:!
Missing character: There is no 於 in font [lmmono10-regular]:!
[11]
Missing character: There is no 查 in font [lmroman12-bold]:mapping=tex-text;!
Missing character: There is no 看 in font [lmroman12-bold]:mapping=tex-text;!
Missing character: There is no 目 in font [lmroman12-bold]:mapping=tex-text;!
Missing character: There is no 前 in font [lmroman12-bold]:mapping=tex-text;!
Missing character: There is no 狀 in font [lmroman12-bold]:mapping=tex-text;!
Missing character: There is no 態 in font [lmroman12-bold]:mapping=tex-text;!
Missing character: There is no 查 in font [lmroman10-regular]:mapping=tex-text;!
Missing character: There is no 看 in font [lmroman10-regular]:mapping=tex-text;!
Missing character: There is no 目 in font [lmroman10-regular]:mapping=tex-text;!
Missing character: There is no 前 in font [lmroman10-regular]:mapping=tex-text;!
Missing character: There is no 狀 in font [lmroman10-regular]:mapping=tex-text;!
Missing character: There is no 態 in font [lmroman10-regular]:mapping=tex-text;!
Missing character: There is no 位 in font [lmmono10-regular]:!
Missing character: There is no 於 in font [lmmono10-regular]:!
Missing character: There is no 分 in font [lmmono10-regular]:!
Missing character: There is no 支 in font [lmmono10-regular]:!
Missing character: There is no 您 in font [lmmono10-regular]:!
Missing character: There is no 的 in font [lmmono10-regular]:!
Missing character: There is no 分 in font [lmmono10-regular]:!
Missing character: There is no 支 in font [lmmono10-regular]:!
Missing character: There is no 與 in font [lmmono10-regular]:!
Missing character: There is no 上 in font [lmmono10-regular]:!
Missing character: There is no 游 in font [lmmono10-regular]:!
Missing character: There is no 分 in font [lmmono10-regular]:!
Missing character: There is no 支 in font [lmmono10-regular]:!
Missing character: There is no 一 in font [lmmono10-regular]:!
Missing character: There is no 致 in font [lmmono10-regular]:!
Missing character: There is no 。 in font [lmmono10-regular]:!
Missing character: There is no 尚 in font [lmmono10-regular]:!
Missing character: There is no 未 in font [lmmono10-regular]:!
Missing character: There is no 暫 in font [lmmono10-regular]:!
Missing character: There is no 存 in font [lmmono10-regular]:!
Missing character: There is no 以 in font [lmmono10-regular]:!
Missing character: There is no 備 in font [lmmono10-regular]:!
Missing character: There is no 提 in font [lmmono10-regular]:!
Missing character: There is no 交 in font [lmmono10-regular]:!
Missing character: There is no 的 in font [lmmono10-regular]:!
Missing character: There is no 變 in font [lmmono10-regular]:!
Missing character: There is no 更 in font [lmmono10-regular]:!
Missing character: There is no ： in font [lmmono10-regular]:!
Missing character: There is no （ in font [lmmono10-regular]:!
Missing character: There is no 使 in font [lmmono10-regular]:!
Missing character: There is no 用 in font [lmmono10-regular]:!
Missing character: There is no 檔 in font [lmmono10-regular]:!
Missing character: There is no 案 in font [lmmono10-regular]:!
Missing character: There is no 更 in font [lmmono10-regular]:!
Missing character: There is no 新 in font [lmmono10-regular]:!
Missing character: There is no 要 in font [lmmono10-regular]:!
Missing character: There is no 提 in font [lmmono10-regular]:!
Missing character: There is no 交 in font [lmmono10-regular]:!
Missing character: There is no 的 in font [lmmono10-regular]:!
Missing character: There is no 內 in font [lmmono10-regular]:!
Missing character: There is no 容 in font [lmmono10-regular]:!
Missing character: There is no ） in font [lmmono10-regular]:!

Overfull \hbox (64.5pt too wide) in paragraph at lines 341--341
[]\TU/lmtt/m/n/10 ##   (use "git checkout -- <file>..." to discard changes in w
orking directory)[] 
 []

Missing character: There is no 修 in font [lmmono10-regular]:!
Missing character: There is no 改 in font [lmmono10-regular]:!
Missing character: There is no ： in font [lmmono10-regular]:!
Missing character: There is no 修 in font [lmmono10-regular]:!
Missing character: There is no 改 in font [lmmono10-regular]:!
Missing character: There is no ： in font [lmmono10-regular]:!
Missing character: There is no 修 in font [lmmono10-regular]:!
Missing character: There is no 改 in font [lmmono10-regular]:!
Missing character: There is no ： in font [lmmono10-regular]:!
Missing character: There is no 修 in font [lmmono10-regular]:!
Missing character: There is no 改 in font [lmmono10-regular]:!
Missing character: There is no ： in font [lmmono10-regular]:!
Missing character: There is no 修 in font [lmmono10-regular]:!
Missing character: There is no 改 in font [lmmono10-regular]:!
Missing character: There is no ： in font [lmmono10-regular]:!
Missing character: There is no 修 in font [lmmono10-regular]:!
Missing character: There is no 改 in font [lmmono10-regular]:!
Missing character: There is no ： in font [lmmono10-regular]:!
Missing character: There is no 修 in font [lmmono10-regular]:!
Missing character: There is no 改 in font [lmmono10-regular]:!
Missing character: There is no ： in font [lmmono10-regular]:!
Missing character: There is no 刪 in font [lmmono10-regular]:!
Missing character: There is no 除 in font [lmmono10-regular]:!
Missing character: There is no ： in font [lmmono10-regular]:!
Missing character: There is no 修 in font [lmmono10-regular]:!
Missing character: There is no 改 in font [lmmono10-regular]:!
Missing character: There is no ： in font [lmmono10-regular]:!
Missing character: There is no 修 in font [lmmono10-regular]:!
Missing character: There is no 改 in font [lmmono10-regular]:!
Missing character: There is no ： in font [lmmono10-regular]:!
Missing character: There is no 修 in font [lmmono10-regular]:!
Missing character: There is no 改 in font [lmmono10-regular]:!
Missing character: There is no ： in font [lmmono10-regular]:!
Missing character: There is no 修 in font [lmmono10-regular]:!
Missing character: There is no 改 in font [lmmono10-regular]:!
Missing character: There is no ： in font [lmmono10-regular]:!
[12]
Missing character: There is no 未 in font [lmmono10-regular]:!
Missing character: There is no 追 in font [lmmono10-regular]:!
Missing character: There is no 蹤 in font [lmmono10-regular]:!
Missing character: There is no 的 in font [lmmono10-regular]:!
Missing character: There is no 檔 in font [lmmono10-regular]:!
Missing character: There is no 案 in font [lmmono10-regular]:!
Missing character: There is no （ in font [lmmono10-regular]:!
Missing character: There is no 使 in font [lmmono10-regular]:!
Missing character: There is no 用 in font [lmmono10-regular]:!
Missing character: There is no 檔 in font [lmmono10-regular]:!
Missing character: There is no 案 in font [lmmono10-regular]:!
Missing character: There is no 以 in font [lmmono10-regular]:!
Missing character: There is no 包 in font [lmmono10-regular]:!
Missing character: There is no 含 in font [lmmono10-regular]:!
Missing character: There is no 要 in font [lmmono10-regular]:!
Missing character: There is no 提 in font [lmmono10-regular]:!
Missing character: There is no 交 in font [lmmono10-regular]:!
Missing character: There is no 的 in font [lmmono10-regular]:!
Missing character: There is no 內 in font [lmmono10-regular]:!
Missing character: There is no 容 in font [lmmono10-regular]:!
Missing character: There is no ） in font [lmmono10-regular]:!
Missing character: There is no 修 in font [lmmono10-regular]:!
Missing character: There is no 改 in font [lmmono10-regular]:!
Missing character: There is no 尚 in font [lmmono10-regular]:!
Missing character: There is no 未 in font [lmmono10-regular]:!
Missing character: There is no 加 in font [lmmono10-regular]:!
Missing character: There is no 入 in font [lmmono10-regular]:!
Missing character: There is no 提 in font [lmmono10-regular]:!
Missing character: There is no 交 in font [lmmono10-regular]:!
Missing character: There is no （ in font [lmmono10-regular]:!
Missing character: There is no 使 in font [lmmono10-regular]:!
Missing character: There is no 用 in font [lmmono10-regular]:!
Missing character: There is no 和 in font [lmmono10-regular]:!
Missing character: There is no 或 in font [lmmono10-regular]:!
Missing character: There is no ） in font [lmmono10-regular]:!
Missing character: There is no 紅 in font [lmroman10-regular]:mapping=tex-text;!
Missing character: There is no 色 in font [lmroman10-regular]:mapping=tex-text;!
Missing character: There is no 代 in font [lmroman10-regular]:mapping=tex-text;!
Missing character: There is no 表 in font [lmroman10-regular]:mapping=tex-text;!
Missing character: There is no 這 in font [lmroman10-regular]:mapping=tex-text;!
Missing character: There is no 個 in font [lmroman10-regular]:mapping=tex-text;!
Missing character: There is no 檔 in font [lmroman10-regular]:mapping=tex-text;!
Missing character: There is no 案 in font [lmroman10-regular]:mapping=tex-text;!
Missing character: There is no 還 in font [lmroman10-regular]:mapping=tex-text;!
Missing character: There is no 沒 in font [lmroman10-regular]:mapping=tex-text;!
Missing character: There is no 被 in font [lmroman10-regular]:mapping=tex-text;!
Missing character: There is no 追 in font [lmroman10-regular]:mapping=tex-text;!
Missing character: There is no 蹤 in font [lmroman10-regular]:mapping=tex-text;!
Missing character: There is no 位 in font [lmmono10-regular]:!
Missing character: There is no 於 in font [lmmono10-regular]:!
Missing character: There is no 分 in font [lmmono10-regular]:!
Missing character: There is no 支 in font [lmmono10-regular]:!
Missing character: There is no 您 in font [lmmono10-regular]:!
Missing character: There is no 的 in font [lmmono10-regular]:!
Missing character: There is no 分 in font [lmmono10-regular]:!
Missing character: There is no 支 in font [lmmono10-regular]:!
Missing character: There is no 與 in font [lmmono10-regular]:!
Missing character: There is no 上 in font [lmmono10-regular]:!
Missing character: There is no 游 in font [lmmono10-regular]:!
Missing character: There is no 分 in font [lmmono10-regular]:!
Missing character: There is no 支 in font [lmmono10-regular]:!
Missing character: There is no 一 in font [lmmono10-regular]:!
Missing character: There is no 致 in font [lmmono10-regular]:!
Missing character: There is no 。 in font [lmmono10-regular]:!
Missing character: There is no 尚 in font [lmmono10-regular]:!
Missing character: There is no 未 in font [lmmono10-regular]:!
Missing character: There is no 暫 in font [lmmono10-regular]:!
Missing character: There is no 存 in font [lmmono10-regular]:!
Missing character: There is no 以 in font [lmmono10-regular]:!
Missing character: There is no 備 in font [lmmono10-regular]:!
Missing character: There is no 提 in font [lmmono10-regular]:!
Missing character: There is no 交 in font [lmmono10-regular]:!
Missing character: There is no 的 in font [lmmono10-regular]:!
Missing character: There is no 變 in font [lmmono10-regular]:!
Missing character: There is no 更 in font [lmmono10-regular]:!
Missing character: There is no ： in font [lmmono10-regular]:!
Missing character: There is no （ in font [lmmono10-regular]:!
Missing character: There is no 使 in font [lmmono10-regular]:!
Missing character: There is no 用 in font [lmmono10-regular]:!
Missing character: There is no 檔 in font [lmmono10-regular]:!
Missing character: There is no 案 in font [lmmono10-regular]:!
Missing character: There is no 更 in font [lmmono10-regular]:!
Missing character: There is no 新 in font [lmmono10-regular]:!
Missing character: There is no 要 in font [lmmono10-regular]:!
Missing character: There is no 提 in font [lmmono10-regular]:!
Missing character: There is no 交 in font [lmmono10-regular]:!
Missing character: There is no 的 in font [lmmono10-regular]:!
Missing character: There is no 內 in font [lmmono10-regular]:!
Missing character: There is no 容 in font [lmmono10-regular]:!
Missing character: There is no ） in font [lmmono10-regular]:!

Overfull \hbox (64.5pt too wide) in paragraph at lines 382--382
[]\TU/lmtt/m/n/10 ##   (use "git checkout -- <file>..." to discard changes in w
orking directory)[] 
 []

Missing character: There is no 修 in font [lmmono10-regular]:!
Missing character: There is no 改 in font [lmmono10-regular]:!
Missing character: There is no ： in font [lmmono10-regular]:!
Missing character: There is no 修 in font [lmmono10-regular]:!
Missing character: There is no 改 in font [lmmono10-regular]:!
Missing character: There is no ： in font [lmmono10-regular]:!
Missing character: There is no 修 in font [lmmono10-regular]:!
Missing character: There is no 改 in font [lmmono10-regular]:!
Missing character: There is no ： in font [lmmono10-regular]:!
Missing character: There is no 修 in font [lmmono10-regular]:!
Missing character: There is no 改 in font [lmmono10-regular]:!
Missing character: There is no ： in font [lmmono10-regular]:!
Missing character: There is no 修 in font [lmmono10-regular]:!
Missing character: There is no 改 in font [lmmono10-regular]:!
Missing character: There is no ： in font [lmmono10-regular]:!
Missing character: There is no 修 in font [lmmono10-regular]:!
Missing character: There is no 改 in font [lmmono10-regular]:!
Missing character: There is no ： in font [lmmono10-regular]:!
Missing character: There is no 修 in font [lmmono10-regular]:!
Missing character: There is no 改 in font [lmmono10-regular]:!
Missing character: There is no ： in font [lmmono10-regular]:!
Missing character: There is no 刪 in font [lmmono10-regular]:!
Missing character: There is no 除 in font [lmmono10-regular]:!
Missing character: There is no ： in font [lmmono10-regular]:!
Missing character: There is no 修 in font [lmmono10-regular]:!
Missing character: There is no 改 in font [lmmono10-regular]:!
Missing character: There is no ： in font [lmmono10-regular]:!
Missing character: There is no 修 in font [lmmono10-regular]:!
Missing character: There is no 改 in font [lmmono10-regular]:!
Missing character: There is no ： in font [lmmono10-regular]:!
Missing character: There is no 修 in font [lmmono10-regular]:!
Missing character: There is no 改 in font [lmmono10-regular]:!
Missing character: There is no ： in font [lmmono10-regular]:!
Missing character: There is no 修 in font [lmmono10-regular]:!
Missing character: There is no 改 in font [lmmono10-regular]:!
Missing character: There is no ： in font [lmmono10-regular]:!
Missing character: There is no 未 in font [lmmono10-regular]:!
Missing character: There is no 追 in font [lmmono10-regular]:!
Missing character: There is no 蹤 in font [lmmono10-regular]:!
Missing character: There is no 的 in font [lmmono10-regular]:!
Missing character: There is no 檔 in font [lmmono10-regular]:!
Missing character: There is no 案 in font [lmmono10-regular]:!
Missing character: There is no （ in font [lmmono10-regular]:!
Missing character: There is no 使 in font [lmmono10-regular]:!
Missing character: There is no 用 in font [lmmono10-regular]:!
Missing character: There is no 檔 in font [lmmono10-regular]:!
Missing character: There is no 案 in font [lmmono10-regular]:!
Missing character: There is no 以 in font [lmmono10-regular]:!
Missing character: There is no 包 in font [lmmono10-regular]:!
Missing character: There is no 含 in font [lmmono10-regular]:!
Missing character: There is no 要 in font [lmmono10-regular]:!
Missing character: There is no 提 in font [lmmono10-regular]:!
Missing character: There is no 交 in font [lmmono10-regular]:!
Missing character: There is no 的 in font [lmmono10-regular]:!
Missing character: There is no 內 in font [lmmono10-regular]:!
Missing character: There is no 容 in font [lmmono10-regular]:!
Missing character: There is no ） in font [lmmono10-regular]:!
Missing character: There is no 修 in font [lmmono10-regular]:!
Missing character: There is no 改 in font [lmmono10-regular]:!
Missing character: There is no 尚 in font [lmmono10-regular]:!
Missing character: There is no 未 in font [lmmono10-regular]:!
Missing character: There is no 加 in font [lmmono10-regular]:!
Missing character: There is no 入 in font [lmmono10-regular]:!
Missing character: There is no 提 in font [lmmono10-regular]:!
Missing character: There is no 交 in font [lmmono10-regular]:!
Missing character: There is no （ in font [lmmono10-regular]:!
Missing character: There is no 使 in font [lmmono10-regular]:!
Missing character: There is no 用 in font [lmmono10-regular]:!
Missing character: There is no 和 in font [lmmono10-regular]:!
Missing character: There is no 或 in font [lmmono10-regular]:!
Missing character: There is no ） in font [lmmono10-regular]:!
Missing character: There is no 查 in font [lmromanslant10-regular]:mapping=tex-t
ext;!
Missing character: There is no 看 in font [lmromanslant10-regular]:mapping=tex-t
ext;!
Missing character: There is no 目 in font [lmromanslant10-regular]:mapping=tex-t
ext;!
Missing character: There is no 前 in font [lmromanslant10-regular]:mapping=tex-t
ext;!
Missing character: There is no 狀 in font [lmromanslant10-regular]:mapping=tex-t
ext;!
Missing character: There is no 態 in font [lmromanslant10-regular]:mapping=tex-t
ext;!
[13] [14]
Chapter 5.
[15

] [16

]
Chapter 6.
(./bookdown-demo.bbl [17] [18

])
Package atveryend Info: Empty hook `BeforeClearDocument' on input line 408.
[19]
Package atveryend Info: Empty hook `AfterLastShipout' on input line 408.
(./bookdown-demo.aux)
Package atveryend Info: Empty hook `AtVeryEndDocument' on input line 408.
Package atveryend Info: Executing hook `AtEndAfterFileList' on input line 408.
Package rerunfilecheck Info: File `bookdown-demo.out' has not changed.
(rerunfilecheck)             Checksum: B1C9E069637DE401C00432A4872BD94C;1145.

LaTeX Warning: There were undefined references.

 ) 
Here is how much of TeX's memory you used:
 13897 strings out of 481787
 253256 string characters out of 5937058
 562446 words of memory out of 5000000
 30650 multiletter control sequences out of 15000+600000
 557133 words of font info for 74 fonts, out of 8000000 for 9000
 14 hyphenation exceptions out of 8191
 50i,8n,41p,810b,460s stack positions out of 5000i,500n,10000p,200000b,80000s

Output written on bookdown-demo.pdf (19 pages).
